	Exporter version: 4.6.1, Blender version: 2.77 (sub 0)
========= Conversion from Blender to Babylon.js =========
	Scene settings used:
		selected layers only:  false
		flat shading entire scene:  false
		inline textures:  false
		texture directory:  C:\Users\gea01\OneDrive\ドキュメント\project-nn\Babylon\basic_research2\3d\
	Python World class constructor completed
	processing begun of mesh:  Cube.003
		WARNING: No materials have been assigned: 
		num positions      :  20
		num normals        :  20
		num uvs            :  0
		num uvs2           :  0
		num colors         :  0
		num indices        :  96
	processing begun of mesh:  Cube.002
		WARNING: No materials have been assigned: 
		num positions      :  8
		num normals        :  8
		num uvs            :  0
		num uvs2           :  0
		num colors         :  0
		num indices        :  36
	processing begun of mesh:  Cylinder
		WARNING: No materials have been assigned: 
		num positions      :  64
		num normals        :  64
		num uvs            :  0
		num uvs2           :  0
		num colors         :  0
		num indices        :  372
	processing begun of mesh:  Cube.001
		WARNING: No materials have been assigned: 
		num positions      :  16
		num normals        :  16
		num uvs            :  0
		num uvs2           :  0
		num colors         :  0
		num indices        :  84
	processing begun of mesh:  Torus
		WARNING: No materials have been assigned: 
		num positions      :  576
		num normals        :  576
		num uvs            :  0
		num uvs2           :  0
		num colors         :  0
		num indices        :  3456
	processing begun of mesh:  Cube
		processing begun of Standard material:  Material
		num positions      :  8
		num normals        :  8
		num uvs            :  0
		num uvs2           :  0
		num colors         :  0
		num indices        :  36
	WARNING: The following camera not visible in scene thus ignored: Camera
	processing begun of mesh:  Cube.004
		processing begun of Standard material:  Material.001
		num positions      :  8
		num normals        :  8
		num uvs            :  0
		num uvs2           :  0
		num colors         :  0
		num indices        :  36
	processing begun of mesh:  Cube.005
		WARNING: No materials have been assigned: 
		num positions      :  16
		num normals        :  16
		num uvs            :  0
		num uvs2           :  0
		num colors         :  0
		num indices        :  84
	processing begun of mesh:  Cube.006
		WARNING: No materials have been assigned: 
		num positions      :  8
		num normals        :  8
		num uvs            :  0
		num uvs2           :  0
		num colors         :  0
		num indices        :  36
	processing begun of mesh:  Cube.007
		WARNING: No materials have been assigned: 
		num positions      :  20
		num normals        :  20
		num uvs            :  0
		num uvs2           :  0
		num colors         :  0
		num indices        :  96
	processing begun of mesh:  Cylinder.001
		WARNING: No materials have been assigned: 
		num positions      :  64
		num normals        :  64
		num uvs            :  0
		num uvs2           :  0
		num colors         :  0
		num indices        :  372
	processing begun of mesh:  Torus.001
		WARNING: No materials have been assigned: 
		num positions      :  576
		num normals        :  576
		num uvs            :  0
		num uvs2           :  0
		num colors         :  0
		num indices        :  3456
	WARNING: The following lamp not visible in scene thus ignored: Lamp
========= Writing of scene file started =========
========= Writing of scene file completed =========
========= end of processing =========
elapsed time:  0 min, 0.0624 secs
